[29Aug2025 00:00:51.374] [Server thread/INFO] [jeg/]: Registered the following Factions: [night_of_the_undead|1|minecraft:zombie,minecraft:zombie_villager,minecraft:husk|jeg:custom_smg,jeg:waterpipe_shotgun|jeg:revolver|jeg:double_barrel_shotgun, the_rattlers|2|minecraft:skeleton,minecraft:stray|jeg:custom_smg|jeg:semi_auto_rifle|jeg:bolt_action_rifle,jeg:semi_auto_rifle, nosy_business|3|minecraft:pillager,minecraft:vindicator|jeg:pump_shotgun|jeg:semi_auto_rifle,jeg:assault_rifle|jeg:repeating_shotgun,jeg:service_rifle, bad_piggies|2|minecraft:piglin,minecraft:piglin_brute|jeg:double_barrel_shotgun,jeg:waterpipe_shotgun|jeg:assault_rifle,jeg:semi_auto_rifle|jeg:hollenfire_mk2, hell_hogs|3|minecraft:zombified_piglin,minecraft:wither_skeleton|jeg:custom_smg,jeg:waterpipe_shotgun,jeg:double_barrel_shotgun|jeg:assault_rifle,jeg:semi_auto_rifle|jeg:soulhunter_mk2, lost_souls|3|jeg:ghoul|jeg:waterpipe_shotgun,jeg:revolver|jeg:custom_smg,jeg:assault_rifle,jeg:semi_auto_rifle|jeg:blossom_rifle,jeg:service_rifle,jeg:infantry_rifle]
[29Aug2025 00:01:28.229] [Server thread/INFO] [net.minecraft.server.network.ServerGamePacketListenerImpl/]: Antarki01 lost connection: Disconnected
[29Aug2025 00:01:28.230] [Server thread/INFO] [net.minecraft.server.MinecraftServer/]: Antarki01 left the game
[29Aug2025 00:16:07.074] [Server thread/INFO] [net.minecraft.server.network.ServerLoginPacketListenerImpl/]: com.mojang.authlib.GameProfile@547444eb[id=<null>,name=Antarki01,properties={},legacy=false] (/127.59.32.106:38323) lost connection: Disconnected
[29Aug2025 00:16:23.290] [Server thread/INFO] [net.minecraft.server.players.PlayerList/]: Antarki01[/127.59.32.106:39963] logged in with entity id 1158 at (-103.55754639062545, 73.0, 233.24685879808513)
[29Aug2025 00:16:23.300] [Server thread/INFO] [net.minecraft.server.MinecraftServer/]: Antarki01 joined the game
[29Aug2025 00:22:31.396] [Server thread/INFO] [net.minecraft.server.MinecraftServer/]: Antarki01 fell from a high place
[29Aug2025 00:24:38.530] [Server thread/INFO] [net.minecraft.server.network.ServerGamePacketListenerImpl/]: Antarki01 lost connection: Disconnected
[29Aug2025 00:24:38.530] [Server thread/INFO] [net.minecraft.server.MinecraftServer/]: Antarki01 left the game
[29Aug2025 00:28:51.435] [Server thread/INFO] [net.minecraft.server.players.PlayerList/]: Antarki01[/127.59.32.106:52751] logged in with entity id 3156 at (46.5, 16.0, 261.5)
[29Aug2025 00:28:51.442] [Server thread/INFO] [net.minecraft.server.MinecraftServer/]: Antarki01 joined the game
[29Aug2025 00:36:22.072] [Server thread/INFO] [net.minecraft.server.MinecraftServer/]: Antarki01 has made the advancement [Isn't It Iron Pick]
[29Aug2025 00:39:22.061] [Server thread/INFO] [net.minecraft.server.MinecraftServer/]: Antarki01 has made the advancement [Suit Up]
[29Aug2025 00:48:02.329] [Server thread/INFO] [net.minecraft.world.entity.LivingEntity/]: Named entity ZombiePlayer['Antarki01'/2728, l='ServerLevel[MundoAp]', x=71.30, y=-14.00, z=270.40] died: entity.hordes.ZombiePlayer.chat was slain by Looter
[29Aug2025 00:48:27.876] [Server thread/INFO] [net.minecraft.world.entity.LivingEntity/]: Named entity ZombiePlayer['Antarki01'/34, l='ServerLevel[MundoAp]', x=107.25, y=67.00, z=181.54] died: entity.hordes.ZombiePlayer.chat was slain by Soldier
[29Aug2025 00:54:33.470] [Server thread/INFO] [net.minecraft.server.MinecraftServer/]: Antarki01 was doomed to fall
[29Aug2025 00:58:59.828] [Server thread/INFO] [net.minecraft.world.entity.LivingEntity/]: Named entity ZombiePlayer['Antarki01'/9499, l='ServerLevel[MundoAp]', x=57.76, y=-9.00, z=263.52] died: entity.hordes.ZombiePlayer.chat was slain by Looter
[29Aug2025 01:04:14.179] [Server thread/INFO] [net.minecraft.server.MinecraftServer/]: Antarki01 has made the advancement [Diamonds!]
[29Aug2025 01:09:02.325] [Server thread/INFO] [net.minecraft.server.MinecraftServer/]: Antarki01 was slain by Walker
[29Aug2025 01:11:39.536] [Server thread/INFO] [net.minecraft.server.players.PlayerList/]: TITIN_2[/127.145.145.251:56499] logged in with entity id 13121 at (-68.44709389447014, 63.5, 32.028809765336774)
[29Aug2025 01:11:39.543] [Server thread/INFO] [net.minecraft.server.MinecraftServer/]: TITIN_2 joined the game
[29Aug2025 01:12:10.992] [Server thread/INFO] [net.minecraft.server.MinecraftServer/]: [Not Secure] <Antarki01> zzzzzzz
[29Aug2025 01:12:12.589] [Server thread/INFO] [net.minecraft.server.MinecraftServer/]: [Not Secure] <Antarki01> zzzzzz
[29Aug2025 01:12:14.591] [Server thread/INFO] [net.minecraft.server.MinecraftServer/]: [Not Secure] <Antarki01> zzzzzzzzzz
[29Aug2025 01:12:16.162] [Server thread/INFO] [net.minecraft.server.MinecraftServer/]: [Not Secure] <Antarki01> zzzzzzzz
[29Aug2025 01:17:15.178] [Server thread/INFO] [net.minecraft.server.MinecraftServer/]: Antarki01 was slain by Crawler
[29Aug2025 01:18:23.085] [Server thread/INFO] [net.minecraft.server.MinecraftServer/]: TITIN_2 has made the advancement [Stone Age]
[29Aug2025 01:18:54.952] [Server thread/INFO] [net.minecraft.server.MinecraftServer/]: TITIN_2 has made the advancement [Getting an Upgrade]
[29Aug2025 01:21:05.233] [Server thread/INFO] [net.minecraft.server.MinecraftServer/]: TITIN_2 has made the advancement [Monster Hunter]
[29Aug2025 01:24:35.011] [Server thread/INFO] [net.minecraft.server.MinecraftServer/]: [Not Secure] <Antarki01> 92
[29Aug2025 01:24:38.087] [Server thread/INFO] [net.minecraft.server.MinecraftServer/]: [Not Secure] <Antarki01> 65
[29Aug2025 01:24:43.336] [Server thread/INFO] [net.minecraft.server.MinecraftServer/]: [Not Secure] <Antarki01> 197
[29Aug2025 01:24:54.268] [Server thread/INFO] [net.minecraft.server.MinecraftServer/]: [Not Secure] <Antarki01> 92 65 197
[29Aug2025 01:24:55.544] [Server thread/INFO] [net.minecraft.server.MinecraftServer/]: [Not Secure] <Antarki01> 92 65 197
[29Aug2025 01:24:56.167] [Server thread/INFO] [net.minecraft.server.MinecraftServer/]: [Not Secure] <Antarki01> 92 65 197
[29Aug2025 01:24:56.805] [Server thread/INFO] [net.minecraft.server.MinecraftServer/]: [Not Secure] <Antarki01> 92 65 197
[29Aug2025 01:25:49.540] [Server thread/WARN] [net.minecraft.server.network.ServerGamePacketListenerImpl/]: TITIN_2 moved too quickly! 7.682686215996341,-0.504799122994072,6.709822946105419
[29Aug2025 01:30:40.184] [Server thread/INFO] [net.minecraft.server.MinecraftServer/]: [Not Secure] <TITIN_2> 124 73 424
[29Aug2025 01:44:16.290] [Server thread/WARN] [net.minecraft.server.network.ServerGamePacketListenerImpl/]: TITIN_2 was kicked for floating too long!
[29Aug2025 01:44:16.291] [Server thread/INFO] [net.minecraft.server.network.ServerGamePacketListenerImpl/]: TITIN_2 lost connection: Disconnected
[29Aug2025 01:44:16.291] [Server thread/INFO] [net.minecraft.server.MinecraftServer/]: TITIN_2 left the game
[29Aug2025 01:44:16.369] [Server thread/WARN] [net.minecraft.network.Connection/]: handleDisconnection() called twice
[29Aug2025 01:44:38.144] [Server thread/INFO] [net.minecraft.server.players.PlayerList/]: TITIN_2[/127.145.145.251:55265] logged in with entity id 26567 at (265.16683308933455, 73.25220334025373, -84.78264308654813)
[29Aug2025 01:44:38.155] [Server thread/INFO] [net.minecraft.server.MinecraftServer/]: TITIN_2 joined the game
[29Aug2025 01:45:09.581] [Server thread/WARN] [net.minecraft.server.network.ServerGamePacketListenerImpl/]: TITIN_2 was kicked for floating too long!
[29Aug2025 01:45:09.632] [Server thread/INFO] [net.minecraft.server.network.ServerGamePacketListenerImpl/]: TITIN_2 lost connection: Flying is not enabled on this server
[29Aug2025 01:45:09.632] [Server thread/INFO] [net.minecraft.server.MinecraftServer/]: TITIN_2 left the game
[29Aug2025 01:45:39.534] [Server thread/INFO] [net.minecraft.server.players.PlayerList/]: TITIN_2[/127.145.145.251:51769] logged in with entity id 27334 at (266.06324791035496, 73.16610926093821, -148.28345758090083)
[29Aug2025 01:45:39.538] [Server thread/INFO] [net.minecraft.server.MinecraftServer/]: TITIN_2 joined the game
[29Aug2025 01:50:47.445] [Server thread/WARN] [net.minecraft.server.network.ServerGamePacketListenerImpl/]: TITIN_2 moved too quickly! 7.142608873375252,-7.0,-1.3197963643602293
[29Aug2025 01:55:48.336] [Server thread/INFO] [net.minecraft.server.MinecraftServer/]: Antarki01 was doomed to fall by Runner
[29Aug2025 02:00:03.152] [Server thread/WARN] [net.minecraft.server.network.ServerConnectionListener/]: Failed to handle packet for /127.145.145.251:51769
net.minecraft.ReportedException: Ticking player
	at net.minecraft.server.level.ServerPlayer.m_9240_(ServerPlayer.java:530) ~[server-1.20.1-20230612.114412-srg.jar%23153!/:?]
	at net.minecraft.server.network.ServerGamePacketListenerImpl.m_9933_(ServerGamePacketListenerImpl.java:262) ~[server-1.20.1-20230612.114412-srg.jar%23153!/:?]
	at net.minecraft.network.Connection.m_129483_(Connection.java:263) ~[server-1.20.1-20230612.114412-srg.jar%23153!/:?]
	at net.minecraft.server.network.ServerConnectionListener.m_9721_(ServerConnectionListener.java:142) ~[server-1.20.1-20230612.114412-srg.jar%23153!/:?]
	at net.minecraft.server.MinecraftServer.m_5703_(MinecraftServer.java:907) ~[server-1.20.1-20230612.114412-srg.jar%23153!/:?]
	at net.minecraft.server.dedicated.DedicatedServer.m_5703_(DedicatedServer.java:283) ~[server-1.20.1-20230612.114412-srg.jar%23153!/:?]
	at net.minecraft.server.MinecraftServer.m_5705_(MinecraftServer.java:814) ~[server-1.20.1-20230612.114412-srg.jar%23153!/:?]
	at net.minecraft.server.MinecraftServer.m_130011_(MinecraftServer.java:661) ~[server-1.20.1-20230612.114412-srg.jar%23153!/:?]
	at net.minecraft.server.MinecraftServer.m_206580_(MinecraftServer.java:251) ~[server-1.20.1-20230612.114412-srg.jar%23153!/:?]
	at java.lang.Thread.run(Thread.java:840) ~[?:?]
Caused by: java.util.ConcurrentModificationException
	at java.util.HashMap$HashIterator.remove(HashMap.java:1611) ~[?:?]
	at net.minecraft.world.entity.LivingEntity.curePotionEffects(LivingEntity.java:3340) ~[server-1.20.1-20230612.114412-srg.jar%23153!/:?]
	at net.minecraft.world.item.MilkBucketItem.m_5922_(MilkBucketItem.java:20) ~[server-1.20.1-20230612.114412-srg.jar%23153!/:?]
	at net.minecraft.world.item.ItemStack.m_41671_(ItemStack.java:279) ~[server-1.20.1-20230612.114412-srg.jar%23153!/:?]
	at net.minecraft.world.entity.LivingEntity.m_8095_(LivingEntity.java:3022) ~[server-1.20.1-20230612.114412-srg.jar%23153!/:?]
	at net.minecraft.server.level.ServerPlayer.m_8095_(ServerPlayer.java:1102) ~[server-1.20.1-20230612.114412-srg.jar%23153!/:?]
	at net.minecraft.world.entity.LivingEntity.m_142106_(LivingEntity.java:2904) ~[server-1.20.1-20230612.114412-srg.jar%23153!/:?]
	at net.minecraft.server.level.ServerPlayer.m_142106_(ServerPlayer.java:1671) ~[server-1.20.1-20230612.114412-srg.jar%23153!/:?]
	at net.minecraft.world.entity.LivingEntity.m_21329_(LivingEntity.java:2886) ~[server-1.20.1-20230612.114412-srg.jar%23153!/:?]
	at net.minecraft.world.entity.LivingEntity.m_8119_(LivingEntity.java:2260) ~[server-1.20.1-20230612.114412-srg.jar%23153!/:?]
	at net.minecraft.world.entity.player.Player.m_8119_(Player.java:241) ~[server-1.20.1-20230612.114412-srg.jar%23153!/:?]
	at net.minecraft.server.level.ServerPlayer.m_9240_(ServerPlayer.java:467) ~[server-1.20.1-20230612.114412-srg.jar%23153!/:?]
	... 9 more
[29Aug2025 02:00:03.186] [Server thread/INFO] [net.minecraft.server.network.ServerGamePacketListenerImpl/]: TITIN_2 lost connection: Internal server error
[29Aug2025 02:00:03.186] [Server thread/INFO] [net.minecraft.server.MinecraftServer/]: TITIN_2 left the game
[29Aug2025 02:00:17.683] [Server thread/INFO] [net.minecraft.server.players.PlayerList/]: TITIN_2[/127.145.145.251:58237] logged in with entity id 37202 at (305.97163191898704, 69.0, 227.1786261664597)
[29Aug2025 02:00:17.688] [Server thread/INFO] [net.minecraft.server.MinecraftServer/]: TITIN_2 joined the game
[29Aug2025 02:00:32.248] [Server thread/WARN] [net.minecraft.server.network.ServerConnectionListener/]: Failed to handle packet for /127.145.145.251:58237
net.minecraft.ReportedException: Ticking player
	at net.minecraft.server.level.ServerPlayer.m_9240_(ServerPlayer.java:530) ~[server-1.20.1-20230612.114412-srg.jar%23153!/:?]
	at net.minecraft.server.network.ServerGamePacketListenerImpl.m_9933_(ServerGamePacketListenerImpl.java:262) ~[server-1.20.1-20230612.114412-srg.jar%23153!/:?]
	at net.minecraft.network.Connection.m_129483_(Connection.java:263) ~[server-1.20.1-20230612.114412-srg.jar%23153!/:?]
	at net.minecraft.server.network.ServerConnectionListener.m_9721_(ServerConnectionListener.java:142) ~[server-1.20.1-20230612.114412-srg.jar%23153!/:?]
	at net.minecraft.server.MinecraftServer.m_5703_(MinecraftServer.java:907) ~[server-1.20.1-20230612.114412-srg.jar%23153!/:?]
	at net.minecraft.server.dedicated.DedicatedServer.m_5703_(DedicatedServer.java:283) ~[server-1.20.1-20230612.114412-srg.jar%23153!/:?]
	at net.minecraft.server.MinecraftServer.m_5705_(MinecraftServer.java:814) ~[server-1.20.1-20230612.114412-srg.jar%23153!/:?]
	at net.minecraft.server.MinecraftServer.m_130011_(MinecraftServer.java:661) ~[server-1.20.1-20230612.114412-srg.jar%23153!/:?]
	at net.minecraft.server.MinecraftServer.m_206580_(MinecraftServer.java:251) ~[server-1.20.1-20230612.114412-srg.jar%23153!/:?]
	at java.lang.Thread.run(Thread.java:840) ~[?:?]
Caused by: java.util.ConcurrentModificationException
	at java.util.HashMap$HashIterator.remove(HashMap.java:1611) ~[?:?]
	at net.minecraft.world.entity.LivingEntity.curePotionEffects(LivingEntity.java:3340) ~[server-1.20.1-20230612.114412-srg.jar%23153!/:?]
	at net.minecraft.world.item.MilkBucketItem.m_5922_(MilkBucketItem.java:20) ~[server-1.20.1-20230612.114412-srg.jar%23153!/:?]
	at net.minecraft.world.item.ItemStack.m_41671_(ItemStack.java:279) ~[server-1.20.1-20230612.114412-srg.jar%23153!/:?]
	at net.minecraft.world.entity.LivingEntity.m_8095_(LivingEntity.java:3022) ~[server-1.20.1-20230612.114412-srg.jar%23153!/:?]
	at net.minecraft.server.level.ServerPlayer.m_8095_(ServerPlayer.java:1102) ~[server-1.20.1-20230612.114412-srg.jar%23153!/:?]
	at net.minecraft.world.entity.LivingEntity.m_142106_(LivingEntity.java:2904) ~[server-1.20.1-20230612.114412-srg.jar%23153!/:?]
	at net.minecraft.server.level.ServerPlayer.m_142106_(ServerPlayer.java:1671) ~[server-1.20.1-20230612.114412-srg.jar%23153!/:?]
	at net.minecraft.world.entity.LivingEntity.m_21329_(LivingEntity.java:2886) ~[server-1.20.1-20230612.114412-srg.jar%23153!/:?]
	at net.minecraft.world.entity.LivingEntity.m_8119_(LivingEntity.java:2260) ~[server-1.20.1-20230612.114412-srg.jar%23153!/:?]
	at net.minecraft.world.entity.player.Player.m_8119_(Player.java:241) ~[server-1.20.1-20230612.114412-srg.jar%23153!/:?]
	at net.minecraft.server.level.ServerPlayer.m_9240_(ServerPlayer.java:467) ~[server-1.20.1-20230612.114412-srg.jar%23153!/:?]
	... 9 more
[29Aug2025 02:00:32.284] [Server thread/INFO] [net.minecraft.server.network.ServerGamePacketListenerImpl/]: TITIN_2 lost connection: Internal server error
[29Aug2025 02:00:32.284] [Server thread/INFO] [net.minecraft.server.MinecraftServer/]: TITIN_2 left the game
[29Aug2025 02:00:48.134] [Server thread/INFO] [net.minecraft.server.players.PlayerList/]: TITIN_2[/127.145.145.251:33695] logged in with entity id 37345 at (305.5902208269483, 69.0, 226.69467145115976)
[29Aug2025 02:00:48.138] [Server thread/INFO] [net.minecraft.server.MinecraftServer/]: TITIN_2 joined the game
[29Aug2025 02:01:00.855] [Server thread/WARN] [net.minecraft.server.network.ServerConnectionListener/]: Failed to handle packet for /127.145.145.251:33695
net.minecraft.ReportedException: Ticking player
	at net.minecraft.server.level.ServerPlayer.m_9240_(ServerPlayer.java:530) ~[server-1.20.1-20230612.114412-srg.jar%23153!/:?]
	at net.minecraft.server.network.ServerGamePacketListenerImpl.m_9933_(ServerGamePacketListenerImpl.java:262) ~[server-1.20.1-20230612.114412-srg.jar%23153!/:?]
	at net.minecraft.network.Connection.m_129483_(Connection.java:263) ~[server-1.20.1-20230612.114412-srg.jar%23153!/:?]
	at net.minecraft.server.network.ServerConnectionListener.m_9721_(ServerConnectionListener.java:142) ~[server-1.20.1-20230612.114412-srg.jar%23153!/:?]
	at net.minecraft.server.MinecraftServer.m_5703_(MinecraftServer.java:907) ~[server-1.20.1-20230612.114412-srg.jar%23153!/:?]
	at net.minecraft.server.dedicated.DedicatedServer.m_5703_(DedicatedServer.java:283) ~[server-1.20.1-20230612.114412-srg.jar%23153!/:?]
	at net.minecraft.server.MinecraftServer.m_5705_(MinecraftServer.java:814) ~[server-1.20.1-20230612.114412-srg.jar%23153!/:?]
	at net.minecraft.server.MinecraftServer.m_130011_(MinecraftServer.java:661) ~[server-1.20.1-20230612.114412-srg.jar%23153!/:?]
	at net.minecraft.server.MinecraftServer.m_206580_(MinecraftServer.java:251) ~[server-1.20.1-20230612.114412-srg.jar%23153!/:?]
	at java.lang.Thread.run(Thread.java:840) ~[?:?]
Caused by: java.util.ConcurrentModificationException
	at java.util.HashMap$HashIterator.remove(HashMap.java:1611) ~[?:?]
	at net.minecraft.world.entity.LivingEntity.curePotionEffects(LivingEntity.java:3340) ~[server-1.20.1-20230612.114412-srg.jar%23153!/:?]
	at net.minecraft.world.item.MilkBucketItem.m_5922_(MilkBucketItem.java:20) ~[server-1.20.1-20230612.114412-srg.jar%23153!/:?]
	at net.minecraft.world.item.ItemStack.m_41671_(ItemStack.java:279) ~[server-1.20.1-20230612.114412-srg.jar%23153!/:?]
	at net.minecraft.world.entity.LivingEntity.m_8095_(LivingEntity.java:3022) ~[server-1.20.1-20230612.114412-srg.jar%23153!/:?]
	at net.minecraft.server.level.ServerPlayer.m_8095_(ServerPlayer.java:1102) ~[server-1.20.1-20230612.114412-srg.jar%23153!/:?]
	at net.minecraft.world.entity.LivingEntity.m_142106_(LivingEntity.java:2904) ~[server-1.20.1-20230612.114412-srg.jar%23153!/:?]
	at net.minecraft.server.level.ServerPlayer.m_142106_(ServerPlayer.java:1671) ~[server-1.20.1-20230612.114412-srg.jar%23153!/:?]
	at net.minecraft.world.entity.LivingEntity.m_21329_(LivingEntity.java:2886) ~[server-1.20.1-20230612.114412-srg.jar%23153!/:?]
	at net.minecraft.world.entity.LivingEntity.m_8119_(LivingEntity.java:2260) ~[server-1.20.1-20230612.114412-srg.jar%23153!/:?]
	at net.minecraft.world.entity.player.Player.m_8119_(Player.java:241) ~[server-1.20.1-20230612.114412-srg.jar%23153!/:?]
	at net.minecraft.server.level.ServerPlayer.m_9240_(ServerPlayer.java:467) ~[server-1.20.1-20230612.114412-srg.jar%23153!/:?]
	... 9 more
[29Aug2025 02:01:00.881] [Server thread/INFO] [net.minecraft.server.network.ServerGamePacketListenerImpl/]: TITIN_2 lost connection: Internal server error
[29Aug2025 02:01:00.881] [Server thread/INFO] [net.minecraft.server.MinecraftServer/]: TITIN_2 left the game
[29Aug2025 02:01:09.336] [Server thread/INFO] [net.minecraft.server.players.PlayerList/]: TITIN_2[/127.145.145.251:33281] logged in with entity id 37562 at (303.9333579537578, 69.0, 222.53686867842046)
[29Aug2025 02:01:09.341] [Server thread/INFO] [net.minecraft.server.MinecraftServer/]: TITIN_2 joined the game
[29Aug2025 02:03:17.151] [Server thread/WARN] [net.minecraft.server.network.ServerConnectionListener/]: Failed to handle packet for /127.145.145.251:33281
net.minecraft.ReportedException: Ticking player
	at net.minecraft.server.level.ServerPlayer.m_9240_(ServerPlayer.java:530) ~[server-1.20.1-20230612.114412-srg.jar%23153!/:?]
	at net.minecraft.server.network.ServerGamePacketListenerImpl.m_9933_(ServerGamePacketListenerImpl.java:262) ~[server-1.20.1-20230612.114412-srg.jar%23153!/:?]
	at net.minecraft.network.Connection.m_129483_(Connection.java:263) ~[server-1.20.1-20230612.114412-srg.jar%23153!/:?]
	at net.minecraft.server.network.ServerConnectionListener.m_9721_(ServerConnectionListener.java:142) ~[server-1.20.1-20230612.114412-srg.jar%23153!/:?]
	at net.minecraft.server.MinecraftServer.m_5703_(MinecraftServer.java:907) ~[server-1.20.1-20230612.114412-srg.jar%23153!/:?]
	at net.minecraft.server.dedicated.DedicatedServer.m_5703_(DedicatedServer.java:283) ~[server-1.20.1-20230612.114412-srg.jar%23153!/:?]
	at net.minecraft.server.MinecraftServer.m_5705_(MinecraftServer.java:814) ~[server-1.20.1-20230612.114412-srg.jar%23153!/:?]
	at net.minecraft.server.MinecraftServer.m_130011_(MinecraftServer.java:661) ~[server-1.20.1-20230612.114412-srg.jar%23153!/:?]
	at net.minecraft.server.MinecraftServer.m_206580_(MinecraftServer.java:251) ~[server-1.20.1-20230612.114412-srg.jar%23153!/:?]
	at java.lang.Thread.run(Thread.java:840) ~[?:?]
Caused by: java.util.ConcurrentModificationException
	at java.util.HashMap$HashIterator.remove(HashMap.java:1611) ~[?:?]
	at net.minecraft.world.entity.LivingEntity.curePotionEffects(LivingEntity.java:3340) ~[server-1.20.1-20230612.114412-srg.jar%23153!/:?]
	at net.minecraft.world.item.MilkBucketItem.m_5922_(MilkBucketItem.java:20) ~[server-1.20.1-20230612.114412-srg.jar%23153!/:?]
	at net.minecraft.world.item.ItemStack.m_41671_(ItemStack.java:279) ~[server-1.20.1-20230612.114412-srg.jar%23153!/:?]
	at net.minecraft.world.entity.LivingEntity.m_8095_(LivingEntity.java:3022) ~[server-1.20.1-20230612.114412-srg.jar%23153!/:?]
	at net.minecraft.server.level.ServerPlayer.m_8095_(ServerPlayer.java:1102) ~[server-1.20.1-20230612.114412-srg.jar%23153!/:?]
	at net.minecraft.world.entity.LivingEntity.m_142106_(LivingEntity.java:2904) ~[server-1.20.1-20230612.114412-srg.jar%23153!/:?]
	at net.minecraft.server.level.ServerPlayer.m_142106_(ServerPlayer.java:1671) ~[server-1.20.1-20230612.114412-srg.jar%23153!/:?]
	at net.minecraft.world.entity.LivingEntity.m_21329_(LivingEntity.java:2886) ~[server-1.20.1-20230612.114412-srg.jar%23153!/:?]
	at net.minecraft.world.entity.LivingEntity.m_8119_(LivingEntity.java:2260) ~[server-1.20.1-20230612.114412-srg.jar%23153!/:?]
	at net.minecraft.world.entity.player.Player.m_8119_(Player.java:241) ~[server-1.20.1-20230612.114412-srg.jar%23153!/:?]
	at net.minecraft.server.level.ServerPlayer.m_9240_(ServerPlayer.java:467) ~[server-1.20.1-20230612.114412-srg.jar%23153!/:?]
	... 9 more
[29Aug2025 02:03:17.193] [Server thread/INFO] [net.minecraft.server.network.ServerGamePacketListenerImpl/]: TITIN_2 lost connection: Internal server error
[29Aug2025 02:03:17.193] [Server thread/INFO] [net.minecraft.server.MinecraftServer/]: TITIN_2 left the game
[29Aug2025 02:06:43.529] [Server thread/INFO] [net.minecraft.server.network.ServerGamePacketListenerImpl/]: Antarki01 lost connection: Disconnected
[29Aug2025 02:06:43.529] [Server thread/INFO] [net.minecraft.server.MinecraftServer/]: Antarki01 left the game
